<?xml version="1.0" encoding="UTF-8"?>
<!-- Generated by org.testng.reporters.JUnitXMLReporter -->
<testsuite ignored="0" hostname="DESKTOP-B6NN9JJ" failures="0" tests="9" name="Default test" time="234.282" errors="0" timestamp="2023-09-01T00:19:42 IST">
  <testcase classname="group5.Selenium.Salesforce.Cases.TC001_CreateNewCase" name="tc001_CreateNewCase" time="29.774"/>
  <testcase classname="group5.Selenium.Salesforce.WorkType.TC001_NewWorkType" name="tc001_NewWorkType" time="22.973"/>
  <testcase classname="group5.Selenium.Salesforce.WorkType.TC002_EditWorkTypeNegative" name="tc002_EditWorkTypeNegative" time="22.588"/>
  <testcase classname="group5.Selenium.Salesforce.WorkType.TC003_EditWorkTypePositive" name="tc003_EditWorkTypePositive" time="25.782"/>
  <testcase classname="group5.Selenium.Salesforce.Cases.TC002_EditCase" name="tc002_EditCase" time="26.699"/>
  <testcase classname="group5.Selenium.Salesforce.WorkType.TC004_DeleteWorkType" name="tc004_DeleteWorkType" time="22.689"/>
  <testcase classname="group5.Selenium.Salesforce.Cases.TC003_DeleteCase" name="tc003_DeleteCase" time="25.33"/>
  <testcase classname="group5.Selenium.Salesforce.Cases.TC004_CreateCaseWithoutMandate" name="tc004_CreateNewCaseWithoutMandate" time="24.751"/>
  <testcase classname="group5.Selenium.Salesforce.WorkType.TC005_WorkTypeMandatoryAlert" name="tc005_WorkTypeMandatoryAlert" time="27.839"/>
</testsuite> <!-- Default test -->
