<?xml version="1.0" encoding="UTF-8"?>
<!-- Generated by org.testng.reporters.JUnitXMLReporter -->
<testsuite ignored="0" hostname="DESKTOP-B6NN9JJ" failures="0" tests="4" name="Test" time="159.658" errors="0" timestamp="2023-08-31T22:22:45 IST">
  <testcase classname="group5.Selenium.Salesforce.Cases.TC001_CreateNewCase" name="tc001_CreateNewCase" time="37.969"/>
  <testcase classname="group5.Selenium.Salesforce.Cases.TC002_EditCase" name="tc002_EditCase" time="61.357"/>
  <testcase classname="group5.Selenium.Salesforce.Cases.TC003_DeleteCase" name="tc003_DeleteCase" time="28.58"/>
  <testcase classname="group5.Selenium.Salesforce.Cases.TC004_CreateCaseWithoutMandate" name="tc004_CreateNewCaseWithoutMandate" time="30.504"/>
</testsuite> <!-- Test -->
